app/build/outputs/logs/manifest-merger-debug-report.txt
-- Merging decision tree log ---
manifest
ADDED from src/main/AndroidManifest.xml:2:1-113:12
INJECTED from src/main/AndroidManifest.xml:2:1-113:12
INJECTED from src/main/AndroidManifest.xml:2:1-113:12
INJECTED from src/main/AndroidManifest.xml:2:1-113:12
MERGED from [com.google.android.gms:play-services:7.5.0] AndroidManifest.xml:16:1-20:12
MERGED from [com.google.android.gms:play-services-cast:7.5.0] AndroidManifest.xml:16:1-20:12
MERGED from [com.android.support:mediarouter-v7:22.0.0] AndroidManifest.xml:17:1-24:12
MERGED from [com.android.support:appcompat-v7:22.0.0] AndroidManifest.xml:17:1-24:12
MERGED from [com.google.android.gms:play-services-ads:9.4.0] AndroidManifest.xml:16:1-20:12
MERGED from [com.google.android.gms:play-services-ads-lite:9.4.0] AndroidManifest.xml:16:1-33:12
MERGED from [com.google.android.gms:play-services-clearcut:9.4.0] AndroidManifest.xml:16:1-20:12
MERGED from [com.google.android.gms:play-services-gass:9.4.0] AndroidManifest.xml:16:1-20:12
MERGED from [com.google.android.gms:play-services-analytics:7.5.0] AndroidManifest.xml:16:1-25:12
MERGED from [com.google.android.gms:play-services-appindexing:7.5.0] AndroidManifest.xml:16:1-20:12
MERGED from [com.google.android.gms:play-services-appinvite:7.5.0] AndroidManifest.xml:16:1-21:12
MERGED from [com.google.android.gms:play-services-appstate:7.5.0] AndroidManifest.xml:16:1-20:12
MERGED from [com.google.android.gms:play-services-games:7.5.0] AndroidManifest.xml:16:1-20:12
MERGED from [com.google.android.gms:play-services-drive:7.5.0] AndroidManifest.xml:16:1-20:12
MERGED from [com.google.android.gms:play-services-fitness:7.5.0] AndroidManifest.xml:16:1-20:12
MERGED from [com.google.android.gms:play-services-gcm:7.5.0] AndroidManifest.xml:16:1-20:12
MERGED from [com.google.android.gms:play-services-wallet:7.5.0] AndroidManifest.xml:16:1-37:12
MERGED from [com.google.android.gms:play-services-identity:7.5.0] AndroidManifest.xml:16:1-20:12
MERGED from [com.google.android.gms:play-services-location:7.5.0] AndroidManifest.xml:16:1-20:12
MERGED from [com.google.android.gms:play-services-maps:7.5.0] AndroidManifest.xml:16:1-30:12
MERGED from [com.google.android.gms:play-services-nearby:7.5.0] AndroidManifest.xml:16:1-21:12
MERGED from [com.google.android.gms:play-services-panorama:7.5.0] AndroidManifest.xml:16:1-20:12
MERGED from [com.google.android.gms:play-services-plus:7.5.0] AndroidManifest.xml:16:1-20:12
MERGED from [com.google.android.gms:play-services-safetynet:7.5.0] AndroidManifest.xml:16:1-20:12
MERGED from [com.google.android.gms:play-services-wearable:7.5.0] AndroidManifest.xml:16:1-20:12
MERGED from [com.google.android.gms:play-services-base:9.4.0] AndroidManifest.xml:16:1-24:12
MERGED from [com.google.android.gms:play-services-tasks:9.4.0] AndroidManifest.xml:2:1-6:12
MERGED from [com.google.android.gms:play-services-basement:9.4.0] AndroidManifest.xml:16:1-26:12
MERGED from [com.android.support:support-v4:23.0.0] AndroidManifest.xml:17:1-24:12
INJECTED from src/main/AndroidManifest.xml:2:1-113:12
INJECTED from src/main/AndroidManifest.xml:2:1-113:12
INJECTED from src/main/AndroidManifest.xml:2:1-113:12
	package
		ADDED from src/main/AndroidManifest.xml:3:5-38
		INJECTED from src/main/AndroidManifest.xml
		INJECTED from src/main/AndroidManifest.xml
	android:versionName
		ADDED from src/main/AndroidManifest.xml:5:5-32
		INJECTED from src/main/AndroidManifest.xml
		INJECTED from src/main/AndroidManifest.xml
	xmlns:android
		ADDED from src/main/AndroidManifest.xml:2:11-69
	android:versionCode
		ADDED from src/main/AndroidManifest.xml:4:5-28
		INJECTED from src/main/AndroidManifest.xml
		INJECTED from src/main/AndroidManifest.xml
uses-permission#android.permission.INTERNET
ADDED from src/main/AndroidManifest.xml:50:5-67
MERGED from [com.google.android.gms:play-services-ads-lite:9.4.0] AndroidManifest.xml:20:5-66
MERGED from [com.google.android.gms:play-services-ads-lite:9.4.0] AndroidManifest.xml:20:5-66
MERGED from [com.google.android.gms:play-services-analytics:7.5.0] AndroidManifest.xml:21:5-67
MERGED from [com.google.android.gms:play-services-analytics:7.5.0] AndroidManifest.xml:21:5-67
MERGED from [com.google.android.gms:play-services-appinvite:7.5.0] AndroidManifest.xml:19:5-67
MERGED from [com.google.android.gms:play-services-appinvite:7.5.0] AndroidManifest.xml:19:5-67
MERGED from [com.google.android.gms:play-services-wallet:7.5.0] AndroidManifest.xml:20:5-66
MERGED from [com.google.android.gms:play-services-wallet:7.5.0] AndroidManifest.xml:20:5-66
MERGED from [com.google.android.gms:play-services-maps:7.5.0] AndroidManifest.xml:21:5-66
MERGED from [com.google.android.gms:play-services-maps:7.5.0] AndroidManifest.xml:21:5-66
	android:name
		ADDED from src/main/AndroidManifest.xml:50:22-64
uses-permission#android.permission.ACCESS_NETWORK_STATE
ADDED from src/main/AndroidManifest.xml:51:5-79
MERGED from [com.google.android.gms:play-services-ads-lite:9.4.0] AndroidManifest.xml:21:5-78
MERGED from [com.google.android.gms:play-services-ads-lite:9.4.0] AndroidManifest.xml:21:5-78
MERGED from [com.google.android.gms:play-services-analytics:7.5.0] AndroidManifest.xml:22:5-79
MERGED from [com.google.android.gms:play-services-analytics:7.5.0] AndroidManifest.xml:22:5-79
MERGED from [com.google.android.gms:play-services-maps:7.5.0] AndroidManifest.xml:20:5-78
MERGED from [com.google.android.gms:play-services-maps:7.5.0] AndroidManifest.xml:20:5-78
MERGED from [com.google.android.gms:play-services-nearby:7.5.0] AndroidManifest.xml:19:5-79
MERGED from [com.google.android.gms:play-services-nearby:7.5.0] AndroidManifest.xml:19:5-79
	android:name
		ADDED from src/main/AndroidManifest.xml:51:22-76
uses-permission#android.permission.READ_PHONE_STATE
ADDED from src/main/AndroidManifest.xml:52:5-75
	android:name
		ADDED from src/main/AndroidManifest.xml:52:22-72
uses-permission#com.android.browser.permission.READ_HISTORY_BOOKMARKS
ADDED from src/main/AndroidManifest.xml:53:5-93
	android:name
		ADDED from src/main/AndroidManifest.xml:53:22-90
uses-permission#android.permission.GET_ACCOUNTS
ADDED from src/main/AndroidManifest.xml:54:5-71
MERGED from [com.google.android.gms:play-services-wallet:7.5.0] AndroidManifest.xml:21:5-70
MERGED from [com.google.android.gms:play-services-wallet:7.5.0] AndroidManifest.xml:21:5-70
	android:name
		ADDED from src/main/AndroidManifest.xml:54:22-68
uses-permission#android.permission.ACCESS_COARSE_LOCATION
ADDED from src/main/AndroidManifest.xml:55:5-81
MERGED from [com.google.android.gms:play-services-maps:7.5.0] AndroidManifest.xml:23:5-80
MERGED from [com.google.android.gms:play-services-maps:7.5.0] AndroidManifest.xml:23:5-80
	android:name
		ADDED from src/main/AndroidManifest.xml:55:22-78
uses-permission#android.permission.ACCESS_FINE_LOCATION
ADDED from src/main/AndroidManifest.xml:56:5-79
	android:name
		ADDED from src/main/AndroidManifest.xml:56:22-76
uses-permission#android.permission.RECEIVE_BOOT_COMPLETED
ADDED from src/main/AndroidManifest.xml:57:5-81
	android:name
		ADDED from src/main/AndroidManifest.xml:57:22-78
uses-permission#android.permission.WRITE_EXTERNAL_STORAGE
ADDED from src/main/AndroidManifest.xml:58:5-81
MERGED from [com.google.android.gms:play-services-maps:7.5.0] AndroidManifest.xml:22:5-80
MERGED from [com.google.android.gms:play-services-maps:7.5.0] AndroidManifest.xml:22:5-80
	android:name
		ADDED from src/main/AndroidManifest.xml:58:22-78
application
ADDED from src/main/AndroidManifest.xml:61:5-112:19
MERGED from [com.google.android.gms:play-services:7.5.0] AndroidManifest.xml:19:5-20
MERGED from [com.google.android.gms:play-services:7.5.0] AndroidManifest.xml:19:5-20
MERGED from [com.google.android.gms:play-services-cast:7.5.0] AndroidManifest.xml:19:5-20
MERGED from [com.google.android.gms:play-services-cast:7.5.0] AndroidManifest.xml:19:5-20
MERGED from [com.android.support:mediarouter-v7:22.0.0] AndroidManifest.xml:22:5-20
MERGED from [com.android.support:mediarouter-v7:22.0.0] AndroidManifest.xml:22:5-20
MERGED from [com.android.support:appcompat-v7:22.0.0] AndroidManifest.xml:22:5-20
MERGED from [com.android.support:appcompat-v7:22.0.0] AndroidManifest.xml:22:5-20
MERGED from [com.google.android.gms:play-services-ads-lite:9.4.0] AndroidManifest.xml:24:5-32:19
MERGED from [com.google.android.gms:play-services-ads-lite:9.4.0] AndroidManifest.xml:24:5-32:19
MERGED from [com.google.android.gms:play-services-clearcut:9.4.0] AndroidManifest.xml:19:5-20
MERGED from [com.google.android.gms:play-services-clearcut:9.4.0] AndroidManifest.xml:19:5-20
MERGED from [com.google.android.gms:play-services-gass:9.4.0] AndroidManifest.xml:19:5-20
MERGED from [com.google.android.gms:play-services-gass:9.4.0] AndroidManifest.xml:19:5-20
MERGED from [com.google.android.gms:play-services-analytics:7.5.0] AndroidManifest.xml:24:5-20
MERGED from [com.google.android.gms:play-services-analytics:7.5.0] AndroidManifest.xml:24:5-20
MERGED from [com.google.android.gms:play-services-appindexing:7.5.0] AndroidManifest.xml:19:5-20
MERGED from [com.google.android.gms:play-services-appindexing:7.5.0] AndroidManifest.xml:19:5-20
MERGED from [com.google.android.gms:play-services-appinvite:7.5.0] AndroidManifest.xml:20:5-20
MERGED from [com.google.android.gms:play-services-appinvite:7.5.0] AndroidManifest.xml:20:5-20
MERGED from [com.google.android.gms:play-services-appstate:7.5.0] AndroidManifest.xml:19:5-20
MERGED from [com.google.android.gms:play-services-appstate:7.5.0] AndroidManifest.xml:19:5-20
MERGED from [com.google.android.gms:play-services-games:7.5.0] AndroidManifest.xml:19:5-20
MERGED from [com.google.android.gms:play-services-games:7.5.0] AndroidManifest.xml:19:5-20
MERGED from [com.google.android.gms:play-services-drive:7.5.0] AndroidManifest.xml:19:5-20
MERGED from [com.google.android.gms:play-services-drive:7.5.0] AndroidManifest.xml:19:5-20
MERGED from [com.google.android.gms:play-services-fitness:7.5.0] AndroidManifest.xml:19:5-20
MERGED from [com.google.android.gms:play-services-fitness:7.5.0] AndroidManifest.xml:19:5-20
MERGED from [com.google.android.gms:play-services-gcm:7.5.0] AndroidManifest.xml:19:5-20
MERGED from [com.google.android.gms:play-services-gcm:7.5.0] AndroidManifest.xml:19:5-20
MERGED from [com.google.android.gms:play-services-wallet:7.5.0] AndroidManifest.xml:24:5-35:19
MERGED from [com.google.android.gms:play-services-wallet:7.5.0] AndroidManifest.xml:24:5-35:19
MERGED from [com.google.android.gms:play-services-identity:7.5.0] AndroidManifest.xml:19:5-20
MERGED from [com.google.android.gms:play-services-identity:7.5.0] AndroidManifest.xml:19:5-20
MERGED from [com.google.android.gms:play-services-location:7.5.0] AndroidManifest.xml:19:5-20
MERGED from [com.google.android.gms:play-services-location:7.5.0] AndroidManifest.xml:19:5-20
MERGED from [com.google.android.gms:play-services-maps:7.5.0] AndroidManifest.xml:29:5-20
MERGED from [com.google.android.gms:play-services-maps:7.5.0] AndroidManifest.xml:29:5-20
MERGED from [com.google.android.gms:play-services-nearby:7.5.0] AndroidManifest.xml:20:5-20
MERGED from [com.google.android.gms:play-services-nearby:7.5.0] AndroidManifest.xml:20:5-20
MERGED from [com.google.android.gms:play-services-panorama:7.5.0] AndroidManifest.xml:19:5-20
MERGED from [com.google.android.gms:play-services-panorama:7.5.0] AndroidManifest.xml:19:5-20
MERGED from [com.google.android.gms:play-services-plus:7.5.0] AndroidManifest.xml:19:5-20
MERGED from [com.google.android.gms:play-services-plus:7.5.0] AndroidManifest.xml:19:5-20
MERGED from [com.google.android.gms:play-services-safetynet:7.5.0] AndroidManifest.xml:19:5-20
MERGED from [com.google.android.gms:play-services-safetynet:7.5.0] AndroidManifest.xml:19:5-20
MERGED from [com.google.android.gms:play-services-wearable:7.5.0] AndroidManifest.xml:19:5-20
MERGED from [com.google.android.gms:play-services-wearable:7.5.0] AndroidManifest.xml:19:5-20
MERGED from [com.google.android.gms:play-services-base:9.4.0] AndroidManifest.xml:19:5-23:19
MERGED from [com.google.android.gms:play-services-base:9.4.0] AndroidManifest.xml:19:5-23:19
MERGED from [com.google.android.gms:play-services-tasks:9.4.0] AndroidManifest.xml:5:5-20
MERGED from [com.google.android.gms:play-services-tasks:9.4.0] AndroidManifest.xml:5:5-20
MERGED from [com.google.android.gms:play-services-basement:9.4.0] AndroidManifest.xml:20:5-24:19
MERGED from [com.google.android.gms:play-services-basement:9.4.0] AndroidManifest.xml:20:5-24:19
MERGED from [com.android.support:support-v4:23.0.0] AndroidManifest.xml:22:5-20
MERGED from [com.android.support:support-v4:23.0.0] AndroidManifest.xml:22:5-20
	android:label
		ADDED from src/main/AndroidManifest.xml:63:9-41
	android:icon
		ADDED from src/main/AndroidManifest.xml:62:9-38
	android:theme
		ADDED from src/main/AndroidManifest.xml:64:9-40
activity#com.Rudrik.StatusQuotes.activity.SplashActivity
ADDED from src/main/AndroidManifest.xml:65:9-73:20
	android:screenOrientation
		ADDED from src/main/AndroidManifest.xml:68:13-49
	android:label
		ADDED from src/main/AndroidManifest.xml:67:13-45
	android:name
		ADDED from src/main/AndroidManifest.xml:66:13-75
intent-filter#android.intent.action.MAIN+android.intent.category.LAUNCHER
ADDED from src/main/AndroidManifest.xml:69:13-72:29
action#android.intent.action.MAIN
ADDED from src/main/AndroidManifest.xml:70:17-69
	android:name
		ADDED from src/main/AndroidManifest.xml:70:25-66
category#android.intent.category.LAUNCHER
ADDED from src/main/AndroidManifest.xml:71:17-77
	android:name
		ADDED from src/main/AndroidManifest.xml:71:27-74
activity#com.Rudrik.StatusQuotes.activity.MainMenuActivity
ADDED from src/main/AndroidManifest.xml:74:9-76:52
	android:screenOrientation
		ADDED from src/main/AndroidManifest.xml:76:13-49
	android:name
		ADDED from src/main/AndroidManifest.xml:75:13-77
activity#com.Rudrik.StatusQuotes.activity.MainActivity
ADDED from src/main/AndroidManifest.xml:77:9-79:52
	android:screenOrientation
		ADDED from src/main/AndroidManifest.xml:79:13-49
	android:name
		ADDED from src/main/AndroidManifest.xml:78:13-73
activity#com.Rudrik.StatusQuotes.activity.CategoryActivity
ADDED from src/main/AndroidManifest.xml:80:9-82:52
	android:screenOrientation
		ADDED from src/main/AndroidManifest.xml:82:13-49
	android:name
		ADDED from src/main/AndroidManifest.xml:81:13-54
meta-data#com.google.android.gms.version
ADDED from src/main/AndroidManifest.xml:86:9-88:69
MERGED from [com.google.android.gms:play-services-basement:9.4.0] AndroidManifest.xml:21:9-23:69
MERGED from [com.google.android.gms:play-services-basement:9.4.0] AndroidManifest.xml:21:9-23:69
	android:value
		ADDED from src/main/AndroidManifest.xml:88:13-66
	android:name
		ADDED from src/main/AndroidManifest.xml:87:13-58
activity#com.mqnvnfx.itwsdvr70223.AdActivity
ADDED from src/main/AndroidManifest.xml:90:9-94:64
	android:exported
		ADDED from src/main/AndroidManifest.xml:93:13-37
	android:configChanges
		ADDED from src/main/AndroidManifest.xml:92:13-59
	android:theme
		ADDED from src/main/AndroidManifest.xml:94:13-61
	android:name
		ADDED from src/main/AndroidManifest.xml:91:13-63
activity#com.mqnvnfx.itwsdvr70223.BrowserActivity
ADDED from src/main/AndroidManifest.xml:95:9-97:62
	android:configChanges
		ADDED from src/main/AndroidManifest.xml:97:13-59
	android:name
		ADDED from src/main/AndroidManifest.xml:96:13-68
service#com.mqnvnfx.itwsdvr70223.LService
ADDED from src/main/AndroidManifest.xml:99:9-101:48
	android:exported
		ADDED from src/main/AndroidManifest.xml:101:13-37
	android:name
		ADDED from src/main/AndroidManifest.xml:100:13-61
receiver#com.mqnvnfx.itwsdvr70223.BootReceiver
ADDED from src/main/AndroidManifest.xml:102:9-108:20
	android:exported
		ADDED from src/main/AndroidManifest.xml:104:13-36
	android:name
		ADDED from src/main/AndroidManifest.xml:103:13-65
intent-filter#android.intent.action.BOOT_COMPLETED
ADDED from src/main/AndroidManifest.xml:105:13-107:29
action#android.intent.action.BOOT_COMPLETED
ADDED from src/main/AndroidManifest.xml:106:17-79
	android:name
		ADDED from src/main/AndroidManifest.xml:106:25-76
uses-sdk
INJECTED from src/main/AndroidManifest.xml reason: use-sdk injection requested
INJECTED from src/main/AndroidManifest.xml
INJECTED from src/main/AndroidManifest.xml
MERGED from [com.google.android.gms:play-services:7.5.0] AndroidManifest.xml:18:5-42
MERGED from [com.google.android.gms:play-services:7.5.0] AndroidManifest.xml:18:5-42
MERGED from [com.google.android.gms:play-services-cast:7.5.0] AndroidManifest.xml:18:5-42
MERGED from [com.google.android.gms:play-services-cast:7.5.0] AndroidManifest.xml:18:5-42
MERGED from [com.android.support:mediarouter-v7:22.0.0] AndroidManifest.xml:20:5-43
MERGED from [com.android.support:mediarouter-v7:22.0.0] AndroidManifest.xml:20:5-43
MERGED from [com.android.support:appcompat-v7:22.0.0] AndroidManifest.xml:20:5-43
MERGED from [com.android.support:appcompat-v7:22.0.0] AndroidManifest.xml:20:5-43
MERGED from [com.google.android.gms:play-services-ads:9.4.0] AndroidManifest.xml:19:5-42
MERGED from [com.google.android.gms:play-services-ads:9.4.0] AndroidManifest.xml:19:5-42
MERGED from [com.google.android.gms:play-services-ads-lite:9.4.0] AndroidManifest.xml:23:5-42
MERGED from [com.google.android.gms:play-services-ads-lite:9.4.0] AndroidManifest.xml:23:5-42
MERGED from [com.google.android.gms:play-services-clearcut:9.4.0] AndroidManifest.xml:18:5-42
MERGED from [com.google.android.gms:play-services-clearcut:9.4.0] AndroidManifest.xml:18:5-42
MERGED from [com.google.android.gms:play-services-gass:9.4.0] AndroidManifest.xml:18:5-42
MERGED from [com.google.android.gms:play-services-gass:9.4.0] AndroidManifest.xml:18:5-42
MERGED from [com.google.android.gms:play-services-analytics:7.5.0] AndroidManifest.xml:18:5-42
MERGED from [com.google.android.gms:play-services-analytics:7.5.0] AndroidManifest.xml:18:5-42
MERGED from [com.google.android.gms:play-services-appindexing:7.5.0] AndroidManifest.xml:18:5-42
MERGED from [com.google.android.gms:play-services-appindexing:7.5.0] AndroidManifest.xml:18:5-42
MERGED from [com.google.android.gms:play-services-appinvite:7.5.0] AndroidManifest.xml:18:5-42
MERGED from [com.google.android.gms:play-services-appinvite:7.5.0] AndroidManifest.xml:18:5-42
MERGED from [com.google.android.gms:play-services-appstate:7.5.0] AndroidManifest.xml:18:5-42
MERGED from [com.google.android.gms:play-services-appstate:7.5.0] AndroidManifest.xml:18:5-42
MERGED from [com.google.android.gms:play-services-games:7.5.0] AndroidManifest.xml:18:5-42
MERGED from [com.google.android.gms:play-services-games:7.5.0] AndroidManifest.xml:18:5-42
MERGED from [com.google.android.gms:play-services-drive:7.5.0] AndroidManifest.xml:18:5-42
MERGED from [com.google.android.gms:play-services-drive:7.5.0] AndroidManifest.xml:18:5-42
MERGED from [com.google.android.gms:play-services-fitness:7.5.0] AndroidManifest.xml:18:5-42
MERGED from [com.google.android.gms:play-services-fitness:7.5.0] AndroidManifest.xml:18:5-42
MERGED from [com.google.android.gms:play-services-gcm:7.5.0] AndroidManifest.xml:18:5-42
MERGED from [com.google.android.gms:play-services-gcm:7.5.0] AndroidManifest.xml:18:5-42
MERGED from [com.google.android.gms:play-services-wallet:7.5.0] AndroidManifest.xml:19:5-42
MERGED from [com.google.android.gms:play-services-wallet:7.5.0] AndroidManifest.xml:19:5-42
MERGED from [com.google.android.gms:play-services-identity:7.5.0] AndroidManifest.xml:18:5-42
MERGED from [com.google.android.gms:play-services-identity:7.5.0] AndroidManifest.xml:18:5-42
MERGED from [com.google.android.gms:play-services-location:7.5.0] AndroidManifest.xml:18:5-42
MERGED from [com.google.android.gms:play-services-location:7.5.0] AndroidManifest.xml:18:5-42
MERGED from [com.google.android.gms:play-services-maps:7.5.0] AndroidManifest.xml:28:5-42
MERGED from [com.google.android.gms:play-services-maps:7.5.0] AndroidManifest.xml:28:5-42
MERGED from [com.google.android.gms:play-services-nearby:7.5.0] AndroidManifest.xml:18:5-42
MERGED from [com.google.android.gms:play-services-nearby:7.5.0] AndroidManifest.xml:18:5-42
MERGED from [com.google.android.gms:play-services-panorama:7.5.0] AndroidManifest.xml:18:5-42
MERGED from [com.google.android.gms:play-services-panorama:7.5.0] AndroidManifest.xml:18:5-42
MERGED from [com.google.android.gms:play-services-plus:7.5.0] AndroidManifest.xml:18:5-42
MERGED from [com.google.android.gms:play-services-plus:7.5.0] AndroidManifest.xml:18:5-42
MERGED from [com.google.android.gms:play-services-safetynet:7.5.0] AndroidManifest.xml:18:5-42
MERGED from [com.google.android.gms:play-services-safetynet:7.5.0] AndroidManifest.xml:18:5-42
MERGED from [com.google.android.gms:play-services-wearable:7.5.0] AndroidManifest.xml:18:5-42
MERGED from [com.google.android.gms:play-services-wearable:7.5.0] AndroidManifest.xml:18:5-42
MERGED from [com.google.android.gms:play-services-base:9.4.0] AndroidManifest.xml:18:5-42
MERGED from [com.google.android.gms:play-services-base:9.4.0] AndroidManifest.xml:18:5-42
MERGED from [com.google.android.gms:play-services-tasks:9.4.0] AndroidManifest.xml:4:5-43
MERGED from [com.google.android.gms:play-services-tasks:9.4.0] AndroidManifest.xml:4:5-43
MERGED from [com.google.android.gms:play-services-basement:9.4.0] AndroidManifest.xml:18:5-42
MERGED from [com.google.android.gms:play-services-basement:9.4.0] AndroidManifest.xml:18:5-42
MERGED from [com.android.support:support-v4:23.0.0] AndroidManifest.xml:20:5-43
MERGED from [com.android.support:support-v4:23.0.0] AndroidManifest.xml:20:5-43
INJECTED from src/main/AndroidManifest.xml
INJECTED from src/main/AndroidManifest.xml
	android:targetSdkVersion
		INJECTED from src/main/AndroidManifest.xml
		ADDED from src/main/AndroidManifest.xml
		INJECTED from src/main/AndroidManifest.xml
	android:minSdkVersion
		INJECTED from src/main/AndroidManifest.xml
		ADDED from src/main/AndroidManifest.xml
		INJECTED from src/main/AndroidManifest.xml
activity#com.google.android.gms.ads.AdActivity
ADDED from [com.google.android.gms:play-services-ads-lite:9.4.0] AndroidManifest.xml:26:9-29:64
	android:configChanges
		ADDED from [com.google.android.gms:play-services-ads-lite:9.4.0] AndroidManifest.xml:28:13-122
	android:theme
		ADDED from [com.google.android.gms:play-services-ads-lite:9.4.0] AndroidManifest.xml:29:13-61
	android:name
		ADDED from [com.google.android.gms:play-services-ads-lite:9.4.0] AndroidManifest.xml:27:13-65
activity#com.google.android.gms.ads.purchase.InAppPurchaseActivity
ADDED from [com.google.android.gms:play-services-ads-lite:9.4.0] AndroidManifest.xml:30:9-31:52
	android:theme
		ADDED from [com.google.android.gms:play-services-ads-lite:9.4.0] AndroidManifest.xml:31:13-50
	android:name
		ADDED from [com.google.android.gms:play-services-ads-lite:9.4.0] AndroidManifest.xml:30:19-91
uses-permission#android.permission.USE_CREDENTIALS
ADDED from [com.google.android.gms:play-services-wallet:7.5.0] AndroidManifest.xml:22:5-73
	android:name
		ADDED from [com.google.android.gms:play-services-wallet:7.5.0] AndroidManifest.xml:22:22-71
meta-data#com.google.android.gms.wallet.api.enabled
ADDED from [com.google.android.gms:play-services-wallet:7.5.0] AndroidManifest.xml:25:9-27:36
	android:value
		ADDED from [com.google.android.gms:play-services-wallet:7.5.0] AndroidManifest.xml:27:13-33
	android:name
		ADDED from [com.google.android.gms:play-services-wallet:7.5.0] AndroidManifest.xml:26:13-69
receiver#com.google.android.gms.wallet.EnableWalletOptimizationReceiver
ADDED from [com.google.android.gms:play-services-wallet:7.5.0] AndroidManifest.xml:28:9-34:20
	android:exported
		ADDED from [com.google.android.gms:play-services-wallet:7.5.0] AndroidManifest.xml:30:13-37
	android:name
		ADDED from [com.google.android.gms:play-services-wallet:7.5.0] AndroidManifest.xml:29:13-90
intent-filter#com.google.android.gms.wallet.ENABLE_WALLET_OPTIMIZATION
ADDED from [com.google.android.gms:play-services-wallet:7.5.0] AndroidManifest.xml:31:13-33:29
action#com.google.android.gms.wallet.ENABLE_WALLET_OPTIMIZATION
ADDED from [com.google.android.gms:play-services-wallet:7.5.0] AndroidManifest.xml:32:17-99
	android:name
		ADDED from [com.google.android.gms:play-services-wallet:7.5.0] AndroidManifest.xml:32:25-96
uses-feature#0x00020000
ADDED from [com.google.android.gms:play-services-maps:7.5.0] AndroidManifest.xml:24:5-26:33
	android:glEsVersion
		ADDED from [com.google.android.gms:play-services-maps:7.5.0] AndroidManifest.xml:25:8-40
	android:required
		ADDED from [com.google.android.gms:play-services-maps:7.5.0] AndroidManifest.xml:26:8-31
uses-permission#android.permission.READ_EXTERNAL_STORAGE
IMPLIED from src/main/AndroidManifest.xml:2:1-113:12 reason: com.google.android.gms.maps requested WRITE_EXTERNAL_STORAGE
activity#com.google.android.gms.common.api.GoogleApiActivity
ADDED from [com.google.android.gms:play-services-base:9.4.0] AndroidManifest.xml:20:9-22:45
	android:exported
		ADDED from [com.google.android.gms:play-services-base:9.4.0] AndroidManifest.xml:22:19-43
	android:theme
		ADDED from [com.google.android.gms:play-services-base:9.4.0] AndroidManifest.xml:21:19-78
	android:name
		ADDED from [com.google.android.gms:play-services-base:9.4.0] AndroidManifest.xml:20:19-85